[2022-02-21T16:52:36.237+0100] [glassfish 5.1] [INFO] [NCLS-LOGGING-00009] [javax.enterprise.logging] [tid: _ThreadID=22 _ThreadName=RunLevelControllerThread-1645458755739] [timeMillis: 1645458756237] [levelValue: 800] [[
  Running GlassFish Version: GlassFish Server Open Source Edition  5.1.0  (build default-private)]]

[2022-02-21T16:52:36.298+0100] [glassfish 5.1] [INFO] [NCLS-LOGGING-00010] [javax.enterprise.logging] [tid: _ThreadID=22 _ThreadName=RunLevelControllerThread-1645458755739] [timeMillis: 1645458756298] [levelValue: 800] [[
  Server log file is using Formatter class: com.sun.enterprise.server.logging.ODLLogFormatter]]

[2022-02-21T16:52:37.429+0100] [glassfish 5.1] [INFO] [NCLS-SECURITY-01115] [javax.enterprise.system.core.security] [tid: _ThreadID=22 _ThreadName=RunLevelControllerThread-1645458755739] [timeMillis: 1645458757429] [levelValue: 800] [[
  Realm [admin-realm] of classtype [com.sun.enterprise.security.auth.realm.file.FileRealm] successfully created.]]

[2022-02-21T16:52:37.438+0100] [glassfish 5.1] [INFO] [NCLS-SECURITY-01115] [javax.enterprise.system.core.security] [tid: _ThreadID=22 _ThreadName=RunLevelControllerThread-1645458755739] [timeMillis: 1645458757438] [levelValue: 800] [[
  Realm [file] of classtype [com.sun.enterprise.security.auth.realm.file.FileRealm] successfully created.]]

[2022-02-21T16:52:37.855+0100] [glassfish 5.1] [INFO] [NCLS-SECURITY-01115] [javax.enterprise.system.core.security] [tid: _ThreadID=22 _ThreadName=RunLevelControllerThread-1645458755739] [timeMillis: 1645458757855] [levelValue: 800] [[
  Realm [certificate] of classtype [com.sun.enterprise.security.auth.realm.certificate.CertificateRealm] successfully created.]]

[2022-02-21T16:52:37.864+0100] [glassfish 5.1] [INFO] [] [org.hibernate.validator.internal.util.Version] [tid: _ThreadID=21 _ThreadName=RunLevelControllerThread-1645458755733] [timeMillis: 1645458757864] [levelValue: 800] [[
  HV000001: Hibernate Validator 6.0.10.Final]]

[2022-02-21T16:52:38.219+0100] [glassfish 5.1] [INFO] [SEC-SVCS-00100] [javax.enterprise.security.services] [tid: _ThreadID=24 _ThreadName=RunLevelControllerThread-1645458755759] [timeMillis: 1645458758219] [levelValue: 800] [[
  Authorization Service has successfully initialized.]]

[2022-02-21T16:52:38.451+0100] [glassfish 5.1] [INFO] [] [org.glassfish.ha.store.spi.BackingStoreFactoryRegistry] [tid: _ThreadID=22 _ThreadName=RunLevelControllerThread-1645458755739] [timeMillis: 1645458758451] [levelValue: 800] [[
  Registered org.glassfish.ha.store.adapter.cache.ShoalBackingStoreProxy for persistence-type = replicated in BackingStoreFactoryRegistry]]

[2022-02-21T16:52:38.826+0100] [glassfish 5.1] [INFO] [NCLS-CORE-00087] [javax.enterprise.system.core] [tid: _ThreadID=23 _ThreadName=RunLevelControllerThread-1645458755758] [timeMillis: 1645458758826] [levelValue: 800] [[
  Grizzly Framework 2.4.4 started in: 204ms - bound to [/0.0.0.0:8080]]]

[2022-02-21T16:52:39.309+0100] [glassfish 5.1] [INFO] [NCLS-CORE-00087] [javax.enterprise.system.core] [tid: _ThreadID=23 _ThreadName=RunLevelControllerThread-1645458755758] [timeMillis: 1645458759309] [levelValue: 800] [[
  Grizzly Framework 2.4.4 started in: 379ms - bound to [/0.0.0.0:8181]]]

[2022-02-21T16:52:39.360+0100] [glassfish 5.1] [INFO] [NCLS-CORE-00087] [javax.enterprise.system.core] [tid: _ThreadID=23 _ThreadName=RunLevelControllerThread-1645458755758] [timeMillis: 1645458759360] [levelValue: 800] [[
  Grizzly Framework 2.4.4 started in: 42ms - bound to [/0.0.0.0:4848]]]

[2022-02-21T16:52:39.459+0100] [glassfish 5.1] [INFO] [NCLS-CORE-00087] [javax.enterprise.system.core] [tid: _ThreadID=22 _ThreadName=RunLevelControllerThread-1645458755739] [timeMillis: 1645458759459] [levelValue: 800] [[
  Grizzly Framework 2.4.4 started in: 4ms - bound to [/0.0.0.0:3700]]]

[2022-02-21T16:52:40.523+0100] [glassfish 5.1] [INFO] [NCLS-CORE-00017] [javax.enterprise.system.core] [tid: _ThreadID=1 _ThreadName=main] [timeMillis: 1645458760523] [levelValue: 800] [[
  GlassFish Server Open Source Edition  5.1.0  (default-private) startup time : Felix (18.592ms), startup services(4.809ms), total(23.401ms)]]

[2022-02-21T16:52:40.990+0100] [glassfish 5.1] [INFO] [jts.startup_msg] [javax.enterprise.system.core.transaction.com.sun.jts.CosTransactions] [tid: _ThreadID=22 _ThreadName=RunLevelControllerThread-1645458755739] [timeMillis: 1645458760990] [levelValue: 800] [[
  JTS5014: Recoverable JTS instance, serverId = [100]]]

[2022-02-21T16:52:41.997+0100] [glassfish 5.1] [INFO] [NCLS-CORE-00087] [javax.enterprise.system.core] [tid: _ThreadID=62 _ThreadName=pool-13-thread-1] [timeMillis: 1645458761997] [levelValue: 800] [[
  Grizzly Framework 2.4.4 started in: 29ms - bound to [/0.0.0.0:8080]]]

[2022-02-21T16:52:42.047+0100] [glassfish 5.1] [INFO] [NCLS-CORE-00087] [javax.enterprise.system.core] [tid: _ThreadID=62 _ThreadName=pool-13-thread-1] [timeMillis: 1645458762047] [levelValue: 800] [[
  Grizzly Framework 2.4.4 started in: 34ms - bound to [/0.0.0.0:8181]]]

[2022-02-21T16:52:42.993+0100] [glassfish 5.1] [INFO] [NCLS-CORE-00087] [javax.enterprise.system.core] [tid: _ThreadID=21 _ThreadName=RunLevelControllerThread-1645458755733] [timeMillis: 1645458762993] [levelValue: 800] [[
  Grizzly Framework 2.4.4 started in: 75ms - bound to [/0.0.0.0:7676]]]

[2022-02-21T16:52:43.075+0100] [glassfish 5.1] [INFO] [NCLS-BOOTSTRAP-00027] [javax.enterprise.bootstrap] [tid: _ThreadID=1 _ThreadName=main] [timeMillis: 1645458763075] [levelValue: 800] [[
  Registered com.sun.enterprise.glassfish.bootstrap.osgi.EmbeddedOSGiGlassFishImpl@2ffb3aec as OSGi service registration: org.apache.felix.framework.ServiceRegistrationImpl@786ff1cb.]]

[2022-02-21T16:52:46.040+0100] [glassfish 5.1] [INFO] [NCLS-CORE-00087] [javax.enterprise.system.core] [tid: _ThreadID=62 _ThreadName=pool-13-thread-1] [timeMillis: 1645458766040] [levelValue: 800] [[
  Grizzly Framework 2.4.4 started in: 22ms - bound to [/0.0.0.0:8181]]]

[2022-02-21T16:52:47.011+0100] [glassfish 5.1] [INFO] [] [javax.enterprise.system.tools.deployment.common] [tid: _ThreadID=101 _ThreadName=Thread-21] [timeMillis: 1645458767011] [levelValue: 800] [[
  visiting unvisited references]]

[2022-02-21T16:52:47.360+0100] [glassfish 5.1] [INFO] [NCLS-JMX-00005] [javax.enterprise.system.jmx] [tid: _ThreadID=69 _ThreadName=Thread-16] [timeMillis: 1645458767360] [levelValue: 800] [[
  JMXStartupService has started JMXConnector on JMXService URL service:jmx:rmi://LENOVO-MIGUEL:8686/jndi/rmi://LENOVO-MIGUEL:8686/jmxrmi]]

[2022-02-21T16:52:47.414+0100] [glassfish 5.1] [INFO] [] [javax.enterprise.system.tools.deployment.common] [tid: _ThreadID=46 _ThreadName=admin-listener(1)] [timeMillis: 1645458767414] [levelValue: 800] [[
  visiting unvisited references]]

[2022-02-21T16:52:50.775+0100] [glassfish 5.1] [INFO] [NCLS-SECURITY-01002] [javax.enterprise.system.core.security] [tid: _ThreadID=46 _ThreadName=admin-listener(1)] [timeMillis: 1645458770775] [levelValue: 800] [[
  Java security manager is disabled.]]

[2022-02-21T16:52:50.781+0100] [glassfish 5.1] [INFO] [NCLS-SECURITY-01010] [javax.enterprise.system.core.security] [tid: _ThreadID=46 _ThreadName=admin-listener(1)] [timeMillis: 1645458770781] [levelValue: 800] [[
  Entering Security Startup Service.]]

[2022-02-21T16:52:50.815+0100] [glassfish 5.1] [INFO] [NCLS-SECURITY-01143] [javax.enterprise.system.core.security] [tid: _ThreadID=46 _ThreadName=admin-listener(1)] [timeMillis: 1645458770815] [levelValue: 800] [[
  Loading policy provider com.sun.enterprise.security.provider.PolicyWrapper.]]

[2022-02-21T16:52:51.189+0100] [glassfish 5.1] [INFO] [NCLS-SECURITY-01011] [javax.enterprise.system.core.security] [tid: _ThreadID=46 _ThreadName=admin-listener(1)] [timeMillis: 1645458771189] [levelValue: 800] [[
  Security Service(s) started successfully.]]

[2022-02-21T16:52:53.715+0100] [glassfish 5.1] [INFO] [AS-WEB-GLUE-00198] [javax.enterprise.web] [tid: _ThreadID=101 _ThreadName=Thread-21] [timeMillis: 1645458773715] [levelValue: 800] [[
  Created HTTP listener http-listener-1 on host/port 0.0.0.0:8080]]

[2022-02-21T16:52:53.721+0100] [glassfish 5.1] [INFO] [AS-WEB-GLUE-00198] [javax.enterprise.web] [tid: _ThreadID=101 _ThreadName=Thread-21] [timeMillis: 1645458773721] [levelValue: 800] [[
  Created HTTP listener http-listener-2 on host/port 0.0.0.0:8181]]

[2022-02-21T16:52:53.732+0100] [glassfish 5.1] [INFO] [AS-WEB-GLUE-00198] [javax.enterprise.web] [tid: _ThreadID=101 _ThreadName=Thread-21] [timeMillis: 1645458773732] [levelValue: 800] [[
  Created HTTP listener admin-listener on host/port 0.0.0.0:4848]]

[2022-02-21T16:52:53.853+0100] [glassfish 5.1] [INFO] [AS-WEB-GLUE-00200] [javax.enterprise.web] [tid: _ThreadID=101 _ThreadName=Thread-21] [timeMillis: 1645458773853] [levelValue: 800] [[
  Created virtual server server]]

[2022-02-21T16:52:53.966+0100] [glassfish 5.1] [INFO] [AS-WEB-GLUE-00200] [javax.enterprise.web] [tid: _ThreadID=101 _ThreadName=Thread-21] [timeMillis: 1645458773966] [levelValue: 800] [[
  Created virtual server __asadmin]]

[2022-02-21T16:52:54.809+0100] [glassfish 5.1] [INFO] [AS-WEB-CORE-00306] [javax.enterprise.web.core] [tid: _ThreadID=101 _ThreadName=Thread-21] [timeMillis: 1645458774809] [levelValue: 800] [[
  Setting JAAS app name glassfish-web]]

[2022-02-21T16:52:54.810+0100] [glassfish 5.1] [INFO] [AS-WEB-GLUE-00201] [javax.enterprise.web] [tid: _ThreadID=101 _ThreadName=Thread-21] [timeMillis: 1645458774810] [levelValue: 800] [[
  Virtual server server loaded default web module ]]

[2022-02-21T16:52:58.701+0100] [glassfish 5.1] [INFO] [] [javax.enterprise.system.tools.deployment.common] [tid: _ThreadID=46 _ThreadName=admin-listener(1)] [timeMillis: 1645458778701] [levelValue: 800] [[
  visiting unvisited references]]

[2022-02-21T16:52:58.713+0100] [glassfish 5.1] [INFO] [] [javax.enterprise.system.tools.deployment.common] [tid: _ThreadID=46 _ThreadName=admin-listener(1)] [timeMillis: 1645458778713] [levelValue: 800] [[
  visiting unvisited references]]

[2022-02-21T16:52:59.550+0100] [glassfish 5.1] [INFO] [] [javax.enterprise.system.tools.deployment.common] [tid: _ThreadID=101 _ThreadName=Thread-21] [timeMillis: 1645458779550] [levelValue: 800] [[
  visiting unvisited references]]

[2022-02-21T16:52:59.667+0100] [glassfish 5.1] [INFO] [] [javax.enterprise.system.tools.deployment.common] [tid: _ThreadID=101 _ThreadName=Thread-21] [timeMillis: 1645458779667] [levelValue: 800] [[
  visiting unvisited references]]

[2022-02-21T16:52:59.670+0100] [glassfish 5.1] [INFO] [] [javax.enterprise.system.tools.deployment.common] [tid: _ThreadID=101 _ThreadName=Thread-21] [timeMillis: 1645458779670] [levelValue: 800] [[
  visiting unvisited references]]

[2022-02-21T16:53:00.668+0100] [glassfish 5.1] [INFO] [AS-WEB-GLUE-00172] [javax.enterprise.web] [tid: _ThreadID=46 _ThreadName=admin-listener(1)] [timeMillis: 1645458780668] [levelValue: 800] [[
  Loading application [HLC_P05] at [/HLC_P05]]]

[2022-02-21T16:53:01.158+0100] [glassfish 5.1] [INFO] [] [javax.enterprise.system.core] [tid: _ThreadID=46 _ThreadName=admin-listener(1)] [timeMillis: 1645458781158] [levelValue: 800] [[
  HLC_P05 was successfully deployed in 13.840 milliseconds.]]

[2022-02-21T16:53:02.246+0100] [glassfish 5.1] [INFO] [NCLS-REST-00001] [javax.enterprise.admin.rest] [tid: _ThreadID=50 _ThreadName=admin-listener(5)] [timeMillis: 1645458782246] [levelValue: 800] [[
  Listening to REST requests at context: /management/domain.]]

[2022-02-21T16:53:07.045+0100] [glassfish 5.1] [INFO] [jsf.config.listener.version] [javax.enterprise.resource.webcontainer.jsf.config] [tid: _ThreadID=101 _ThreadName=Thread-21] [timeMillis: 1645458787045] [levelValue: 800] [[
  Inicializando Mojarra 2.3.9 para el contexto '']]

[2022-02-21T16:53:10.338+0100] [glassfish 5.1] [INFO] [AS-WEB-GLUE-00172] [javax.enterprise.web] [tid: _ThreadID=101 _ThreadName=Thread-21] [timeMillis: 1645458790338] [levelValue: 800] [[
  Loading application [__admingui] at [/]]]

[2022-02-21T16:53:10.340+0100] [glassfish 5.1] [INFO] [NCLS-CORE-00022] [javax.enterprise.system.core] [tid: _ThreadID=101 _ThreadName=Thread-21] [timeMillis: 1645458790340] [levelValue: 800] [[
  Loading application __admingui done in 26.084 ms]]

[2022-02-21T16:53:11.440+0100] [glassfish 5.1] [WARNING] [] [javax.enterprise.system.container.web.com.sun.web.security] [tid: _ThreadID=47 _ThreadName=admin-listener(2)] [timeMillis: 1645458791440] [levelValue: 900] [[
  Context path from ServletContext:  differs from path from bundle: /]]

[2022-02-21T16:54:19.097+0100] [glassfish 5.1] [INFO] [NCLS-CORE-00092] [javax.enterprise.system.core] [tid: _ThreadID=178 _ThreadName=Thread-46] [timeMillis: 1645458859097] [levelValue: 800] [[
  Server shutdown initiated]]

[2022-02-21T16:54:19.097+0100] [glassfish 5.1] [INFO] [NCLS-CORE-00092] [javax.enterprise.system.core] [tid: _ThreadID=179 _ThreadName=Thread-47] [timeMillis: 1645458859097] [levelValue: 800] [[
  Server shutdown initiated]]

[2022-02-21T16:54:19.103+0100] [glassfish 5.1] [WARNING] [NCLS-BOOTSTRAP-00029] [javax.enterprise.bootstrap] [tid: _ThreadID=179 _ThreadName=Thread-47] [timeMillis: 1645458859103] [levelValue: 900] [[
  Exception while unregistering: 
java.lang.IllegalStateException: Service already unregistered.
	at org.apache.felix.framework.ServiceRegistrationImpl.unregister(ServiceRegistrationImpl.java:140)
	at com.sun.enterprise.glassfish.bootstrap.osgi.EmbeddedOSGiGlassFishImpl.unregisterService(EmbeddedOSGiGlassFishImpl.java:68)
	at com.sun.enterprise.glassfish.bootstrap.osgi.EmbeddedOSGiGlassFishImpl.stop(EmbeddedOSGiGlassFishImpl.java:56)
	at com.sun.enterprise.v3.admin.StopServer.doExecute(StopServer.java:55)
	at com.sun.enterprise.v3.admin.StopDomainCommand.execute(StopDomainCommand.java:73)
	at com.sun.enterprise.v3.admin.CommandRunnerImpl$2$1.run(CommandRunnerImpl.java:516)
	at com.sun.enterprise.v3.admin.CommandRunnerImpl$2$1.run(CommandRunnerImpl.java:512)
	at java.security.AccessController.doPrivileged(Native Method)
	at javax.security.auth.Subject.doAs(Subject.java:360)
	at com.sun.enterprise.v3.admin.CommandRunnerImpl$2.execute(CommandRunnerImpl.java:511)
	at org.glassfish.api.AsyncImpl$1$1.run(AsyncImpl.java:53)
]]

[2022-02-21T16:54:19.116+0100] [glassfish 5.1] [INFO] [NCLS-BOOTSTRAP-00028] [javax.enterprise.bootstrap] [tid: _ThreadID=178 _ThreadName=Thread-46] [timeMillis: 1645458859116] [levelValue: 800] [[
  Unregistered com.sun.enterprise.glassfish.bootstrap.osgi.EmbeddedOSGiGlassFishImpl@2ffb3aec from service registry.]]

[2022-02-21T16:54:19.135+0100] [glassfish 5.1] [INFO] [] [] [tid: _ThreadID=179 _ThreadName=Thread-8] [timeMillis: 1645458859135] [levelValue: 800] [[
  FileMonitoring shutdown]]

[2022-02-21T16:54:19.224+0100] [glassfish 5.1] [INFO] [NCLS-JMX-00002] [javax.enterprise.system.jmx] [tid: _ThreadID=179 _ThreadName=Thread-47] [timeMillis: 1645458859224] [levelValue: 800] [[
  JMXStartupService: Stopped JMXConnectorServer: null]]

[2022-02-21T16:54:19.225+0100] [glassfish 5.1] [INFO] [NCLS-JMX-00001] [javax.enterprise.system.jmx] [tid: _ThreadID=179 _ThreadName=Thread-47] [timeMillis: 1645458859225] [levelValue: 800] [[
  JMXStartupService and JMXConnectors have been shut down.]]

[2022-02-21T16:54:19.586+0100] [glassfish 5.1] [INFO] [] [] [tid: _ThreadID=189 _ThreadName=Thread-8] [timeMillis: 1645458859586] [levelValue: 800] [[
  JdbcRuntimeExtension,  getAllSystemRAResourcesAndPools = [GlassFishConfigBean.org.glassfish.jdbc.config.JdbcResource, GlassFishConfigBean.org.glassfish.jdbc.config.JdbcResource, GlassFishConfigBean.org.glassfish.jdbc.config.JdbcResource, GlassFishConfigBean.org.glassfish.jdbc.config.JdbcConnectionPool, GlassFishConfigBean.org.glassfish.jdbc.config.JdbcConnectionPool, GlassFishConfigBean.org.glassfish.jdbc.config.JdbcConnectionPool]]]

